{"C:\\Users\\User\\Desktop\\обучение джаваскрипт\\продвинутый ДС\\ajs-06.2\\src\\index.js": {"path":"C:\\Users\\User\\Desktop\\обучение джаваскрипт\\продвинутый ДС\\ajs-06.2\\src\\index.js","statementMap":{"0":{"start":{"line":2,"column":4},"end":{"line":12,"column":8}},"1":{"start":{"line":7,"column":11},"end":{"line":12,"column":5}},"2":{"start":{"line":15,"column":20},"end":{"line":36,"column":3}},"3":{"start":{"line":38,"column":25},"end":{"line":38,"column":57}},"4":{"start":{"line":39,"column":2},"end":{"line":39,"column":30}},"5":{"start":{"line":41,"column":2},"end":{"line":41,"column":45}}},"fnMap":{"0":{"name":"extractSpecialAttacks","decl":{"start":{"line":1,"column":9},"end":{"line":1,"column":30}},"loc":{"start":{"line":1,"column":44},"end":{"line":13,"column":3}},"line":1},"1":{"name":"(anonymous_1)","decl":{"start":{"line":2,"column":23},"end":{"line":2,"column":24}},"loc":{"start":{"line":7,"column":11},"end":{"line":12,"column":5}},"line":7}},"branchMap":{"0":{"loc":{"start":{"line":6,"column":6},"end":{"line":6,"column":41}},"type":"default-arg","locations":[{"start":{"line":6,"column":20},"end":{"line":6,"column":41}}],"line":6}},"s":{"0":2,"1":4,"2":1,"3":1,"4":1,"5":1},"f":{"0":2,"1":4},"b":{"0":[2]},"_coverageSchema":"1a1c01bbd47fc00a2c39e90264f33305004495a9","hash":"c71dee0160f9c522cacddec1cd85ea0a07010969"}
}
